<?xml version="1.0" encoding="UTF-8"?>
<!-- Generated by org.testng.reporters.JUnitXMLReporter -->
<testsuite hostname="IndudharaGowdaacer" failures="0" tests="10" name="Testchrome" time="105.428" errors="0" timestamp="11 Mar 2020 03:49:58 GMT">
  <testcase classname="com.HybridFW.scripts.TestLoginPagee" name="testValidLoginPage" time="2.577"/>
  <testcase classname="com.HybridFW.scripts.TestCreateCustomer" name="test_CreateCustomer" time="18.439"/>
  <testcase classname="com.HybridFW.scripts.DemoTestLoginPage" name="validLogin_test" time="2.114"/>
  <testcase classname="com.HybridFW.scripts.TestIssueDate" name="test_IssueDate" time="3.382"/>
  <testcase classname="com.HybridFW.scripts.TestProductEdition" name="test_ProductEdition" time="3.665"/>
  <testcase classname="com.HybridFW.scripts.TestCreateProject" name="test_CreateProject" time="9.748"/>
  <testcase classname="com.HybridFW.scripts.TestLoginPagee" name="testInvalidLoginPage" time="0.917"/>
  <testcase classname="com.HybridFW.scripts.TestLoginPagee" name="testInvalidLoginPage" time="0.897"/>
  <testcase classname="com.HybridFW.scripts.TestLoginPagee" name="testInvalidLoginPage" time="0.896"/>
  <testcase classname="com.HybridFW.scripts.DemoTestLoginPage" name="invalidLogin_test" time="0.659"/>
</testsuite> <!-- Testchrome -->
