<?xml version="1.0" encoding="UTF-8"?>
<!-- Generated by org.testng.reporters.JUnitXMLReporter -->
<testsuite hostname="DESKTOP-8POMCKJ" failures="0" tests="4" name="Test" time="14.465" errors="0" timestamp="20 Jun 2020 07:04:02 GMT">
  <testcase classname="com.HybridFW.scripts.TestLoginPagee" name="testValidLoginPage" time="3.738"/>
  <testcase classname="com.HybridFW.scripts.TestLoginPagee" name="testInvalidLoginPage" time="1.077"/>
  <testcase classname="com.HybridFW.scripts.TestLoginPagee" name="testInvalidLoginPage" time="0.999"/>
  <testcase classname="com.HybridFW.scripts.TestLoginPagee" name="testInvalidLoginPage" time="1.034"/>
</testsuite> <!-- Test -->
