<?xml version="1.0" encoding="UTF-8"?>
<!-- Generated by org.testng.reporters.JUnitXMLReporter -->
<testsuite hostname="IndudharaGowdaacer" failures="0" tests="10" name="Testfirefox" time="109.306" errors="0" timestamp="11 Mar 2020 03:50:02 GMT">
  <testcase classname="com.HybridFW.scripts.TestLoginPagee" name="testValidLoginPage" time="4.28"/>
  <testcase classname="com.HybridFW.scripts.TestCreateCustomer" name="test_CreateCustomer" time="19.657"/>
  <testcase classname="com.HybridFW.scripts.DemoTestLoginPage" name="validLogin_test" time="2.997"/>
  <testcase classname="com.HybridFW.scripts.TestIssueDate" name="test_IssueDate" time="3.238"/>
  <testcase classname="com.HybridFW.scripts.TestProductEdition" name="test_ProductEdition" time="4.536"/>
  <testcase classname="com.HybridFW.scripts.TestCreateProject" name="test_CreateProject" time="11.159"/>
  <testcase classname="com.HybridFW.scripts.TestLoginPagee" name="testInvalidLoginPage" time="1.42"/>
  <testcase classname="com.HybridFW.scripts.TestLoginPagee" name="testInvalidLoginPage" time="1.179"/>
  <testcase classname="com.HybridFW.scripts.TestLoginPagee" name="testInvalidLoginPage" time="1.22"/>
  <testcase classname="com.HybridFW.scripts.DemoTestLoginPage" name="invalidLogin_test" time="0.744"/>
</testsuite> <!-- Testfirefox -->
